[  5%] doctor 完成
[ 10%] 输入视频可读
[ 20%] 音频提取完成
2026-06-16 22:21:36.456 | INFO     | core.asr:__init__:43 - WhisperASR initialized (model: tiny, device: auto)
2026-06-16 22:21:49.192 | INFO     | core.asr:_load_model:57 - Loading Whisper tiny on cpu...
2026-06-16 22:21:49.643 | INFO     | core.asr:_load_model:62 - Whisper model loaded successfully
/Users/liuxiansheng/lingxiao/.venv-lingxiao/lib/python3.9/site-packages/whisper/transcribe.py:132: UserWarning: FP16 is not supported on CPU; using FP32 instead
  warnings.warn("FP16 is not supported on CPU; using FP32 instead")
[ 45%] ASR 完成
2026-06-16 22:21:50.964 | WARNING  | core.translator:__init__:36 - MiniMax API key not set, translation will use fallback
/Users/liuxiansheng/lingxiao/.venv-lingxiao/lib/python3.9/site-packages/urllib3/__init__.py:35: NotOpenSSLWarning: urllib3 v2 only supports OpenSSL 1.1.1+, currently the 'ssl' module is compiled with 'LibreSSL 2.8.3'. See: https://github.com/urllib3/urllib3/issues/3020
  warnings.warn(
2026-06-16 22:22:41.111 | WARNING  | core.translator_free:get_translator:261 - Google Translate unavailable: HTTPSConnectionPool(host='translate.google.com', port=443): Max retries exceeded with url: / (Caused by ConnectTimeoutError(<HTTPSConnection(host='translate.google.com', port=443) at 0x10ced3a00>, 'Connection to translate.google.com timed out. (connect timeout=5)'))
2026-06-16 22:22:41.111 | INFO     | core.translator_free:get_translator:264 - Using Basic Dictionary (offline)
2026-06-16 22:22:41.111 | INFO     | core.translator_free:__init__:203 - BasicDictionaryTranslator initialized (offline)
[ 62%] 翻译完成
[100%] 完成
{
  "job_id": "lx_03ce894faf7e",
  "status": "degraded",
  "output_dir": "output/jobs/asr-real-v01",
  "errors": [],
  "warnings": [
    "部分可选依赖缺失，进入降级可运行模式",
    "至少一段翻译结果与原文相同，可能使用了降级翻译"
  ]
}
