[  5%] doctor 完成
[ 10%] 输入视频可读
[ 20%] 音频提取完成
2026-06-16 22:18:36.544 | INFO     | core.asr:__init__:43 - WhisperASR initialized (model: base, device: auto)
[ 45%] ASR 完成
2026-06-16 22:18:36.552 | WARNING  | core.translator:__init__:36 - MiniMax API key not set, translation will use fallback
/Users/liuxiansheng/lingxiao/.venv-lingxiao/lib/python3.9/site-packages/urllib3/__init__.py:35: NotOpenSSLWarning: urllib3 v2 only supports OpenSSL 1.1.1+, currently the 'ssl' module is compiled with 'LibreSSL 2.8.3'. See: https://github.com/urllib3/urllib3/issues/3020
  warnings.warn(
2026-06-16 22:19:27.700 | WARNING  | core.translator_free:get_translator:261 - Google Translate unavailable: HTTPSConnectionPool(host='translate.google.com', port=443): Max retries exceeded with url: / (Caused by ConnectTimeoutError(<HTTPSConnection(host='translate.google.com', port=443) at 0x10a00c310>, 'Connection to translate.google.com timed out. (connect timeout=5)'))
2026-06-16 22:19:27.701 | INFO     | core.translator_free:get_translator:264 - Using Basic Dictionary (offline)
2026-06-16 22:19:27.701 | INFO     | core.translator_free:__init__:203 - BasicDictionaryTranslator initialized (offline)
2026-06-16 22:20:17.742 | WARNING  | core.translator_free:get_translator:261 - Google Translate unavailable: HTTPSConnectionPool(host='translate.google.com', port=443): Max retries exceeded with url: / (Caused by ConnectTimeoutError(<HTTPSConnection(host='translate.google.com', port=443) at 0x10a00cbe0>, 'Connection to translate.google.com timed out. (connect timeout=5)'))
2026-06-16 22:20:17.742 | INFO     | core.translator_free:get_translator:264 - Using Basic Dictionary (offline)
2026-06-16 22:20:17.742 | INFO     | core.translator_free:__init__:203 - BasicDictionaryTranslator initialized (offline)
[ 62%] 翻译完成
[ 78%] TTS 音轨完成
[100%] 完成
{
  "job_id": "lx_f5cd0757236e",
  "status": "degraded",
  "output_dir": "output/jobs/smoke-dubbing-v01",
  "errors": [],
  "warnings": [
    "部分可选依赖缺失，进入降级可运行模式",
    "Whisper 不可用，使用同名 SRT 降级：lingxiao_smoke.srt；原因：No module named 'whisper'"
  ]
}
